Temporary directory: ./tmp.fa37JncCHr/
Starting compression...
Preprocessing ...
Max Read length: 101
Total number of reads: 62918128
Total number of reads without N: 62816762
Paired id match code: 2
Preprocessing done!
Time for this step: 105 s
Temporary directory size: 3170519291
Reordering ...
Reading file
Constructing dictionaries
Reordering reads
Reordering done, 17632557 were unmatched
Writing to file
Done!
Reordering done!
Time for this step: 398 s
temp_dir size: 3507331883
Encoding ...
Maximum Read length: 101
Number of non-singleton reads: 52120870
Number of singleton reads: 10695892
Number of reads with N: 101366
Encoding reads
Encoding done:
3344154 singleton reads were aligned
41689 reads with N were aligned
Encoding done!
Time for this step: 182 s
Temporary directory size: 3200149532
Reordering and compressing streams ...
Reordering and compressing streams done!
Time for this step: 32 s
Temporary directory size: 2088589601

Sizes of streams after compression: 
Reads:         682717508 bytes
Quality:      1326125322 bytes
ID:             79746771 bytes
Creating tar archive ...Tar archive done!
Time for this step: 1 s
Compression done!
Total time for compression: 720 s

Total size:   2089758720 bytes
