Temporary directory: ./tmp.fa37JncCHr/
Starting compression...
Preprocessing ...
Max Read length: 150
Total number of reads: 59039764
Total number of reads without N: 59031645
Paired id match code: 2
Preprocessing done!
Time for this step: 87 s
Temporary directory size: 2790172826
Reordering ...
Reading file
Constructing dictionaries
Reordering reads
Reordering done, 16054651 were unmatched
Writing to file
Done!
Reordering done!
Time for this step: 546 s
temp_dir size: 3075210651
Encoding ...
Maximum Read length: 150
Number of non-singleton reads: 47852225
Number of singleton reads: 11179420
Number of reads with N: 8119
Encoding reads
Encoding done:
3727556 singleton reads were aligned
6076 reads with N were aligned
Encoding done!
Time for this step: 93 s
Temporary directory size: 2241957991
Reordering and compressing streams ...
Reordering and compressing streams done!
Time for this step: 34 s
Temporary directory size: 1030239440

Sizes of streams after compression: 
Reads:         601990053 bytes
Quality:       373903308 bytes
ID:             54346079 bytes
Creating tar archive ...Tar archive done!
Time for this step: 0 s
Compression done!
Total time for compression: 762 s

Total size:   1031352320 bytes
