Temporary directory: ./tmp.fa37JncCHr/
Starting compression...
Preprocessing ...
Max Read length: 150
Total number of reads: 72402652
Total number of reads without N: 72392291
Paired id match code: 2
Preprocessing done!
Time for this step: 105 s
Temporary directory size: 3424587455
Reordering ...
Reading file
Constructing dictionaries
Reordering reads
Reordering done, 17545676 were unmatched
Writing to file
Done!
Reordering done!
Time for this step: 765 s
temp_dir size: 3773721210
Encoding ...
Maximum Read length: 150
Number of non-singleton reads: 61014971
Number of singleton reads: 11377320
Number of reads with N: 10361
Encoding reads
Encoding done:
3911947 singleton reads were aligned
7991 reads with N were aligned
Encoding done!
Time for this step: 114 s
Temporary directory size: 2621271833
Reordering and compressing streams ...
Reordering and compressing streams done!
Time for this step: 37 s
Temporary directory size: 1219493113

Sizes of streams after compression: 
Reads:         691436539 bytes
Quality:       462108226 bytes
ID:             65948348 bytes
Creating tar archive ...Tar archive done!
Time for this step: 1 s
Compression done!
Total time for compression: 1024 s

Total size:   1220843520 bytes
