Temporary directory: ./tmp.fa37JncCHr/
Starting compression...
Preprocessing ...
Max Read length: 150
Total number of reads: 85748958
Total number of reads without N: 85716832
Preprocessing done!
Time for this step: 348 s
Temporary directory size: 3834358661
Reordering ...
Reading file
Constructing dictionaries
Reordering reads
Reordering done, 3372355 were unmatched
Writing to file
Done!
Reordering done!
Time for this step: 130 s
temp_dir size: 4236865666
Encoding ...
Maximum Read length: 150
Number of non-singleton reads: 83247102
Number of singleton reads: 2469730
Number of reads with N: 32126
Encoding reads
Encoding done:
1025321 singleton reads were aligned
30558 reads with N were aligned
Encoding done!
Time for this step: 47 s
Temporary directory size: 2024561244
Reordering and compressing streams ...
Reordering and compressing streams done!
Time for this step: 30 s
Temporary directory size: 854234541

Sizes of streams after compression: 
Reads:         451151366 bytes
Quality:       403016860 bytes
ID:                66315 bytes
Creating tar archive ...Tar archive done!
Time for this step: 0 s
Compression done!
Total time for compression: 558 s

Total size:    856637440 bytes
