Temporary directory: ./tmp.fa37JncCHr/
Starting compression...
Preprocessing ...
Max Read length: 150
Total number of reads: 36381142
Total number of reads without N: 36252623
Preprocessing done!
Time for this step: 154 s
Temporary directory size: 1681894071
Reordering ...
Reading file
Constructing dictionaries
Reordering reads
Reordering done, 2118653 were unmatched
Writing to file
Done!
Reordering done!
Time for this step: 88 s
temp_dir size: 1870736998
Encoding ...
Maximum Read length: 150
Number of non-singleton reads: 34957676
Number of singleton reads: 1294947
Number of reads with N: 128519
Encoding reads
Encoding done:
535784 singleton reads were aligned
115448 reads with N were aligned
Encoding done!
Time for this step: 30 s
Temporary directory size: 949143234
Reordering and compressing streams ...
Reordering and compressing streams done!
Time for this step: 12 s
Temporary directory size: 457357034

Sizes of streams after compression: 
Reads:         235977922 bytes
Quality:       221350852 bytes
ID:                28260 bytes
Creating tar archive ...Tar archive done!
Time for this step: 0 s
Compression done!
Total time for compression: 286 s

Total size:    458403840 bytes
