Temporary directory: ./tmp.fa37JncCHr/
Starting compression...
Preprocessing ...
Max Read length: 150
Total number of reads: 94448160
Total number of reads without N: 94434747
Paired id match code: 2
Preprocessing done!
Time for this step: 137 s
Temporary directory size: 4458028320
Reordering ...
Reading file
Constructing dictionaries
Reordering reads
Reordering done, 22237909 were unmatched
Writing to file
Done!
Reordering done!
Time for this step: 810 s
temp_dir size: 4907035355
Encoding ...
Maximum Read length: 150
Number of non-singleton reads: 78246687
Number of singleton reads: 16188060
Number of reads with N: 13413
Encoding reads
Encoding done:
5952216 singleton reads were aligned
10627 reads with N were aligned
Encoding done!
Time for this step: 133 s
Temporary directory size: 3408221892
Reordering and compressing streams ...
Reordering and compressing streams done!
Time for this step: 50 s
Temporary directory size: 1537624439

Sizes of streams after compression: 
Reads:         858072452 bytes
Quality:       595630776 bytes
ID:             83921211 bytes
Creating tar archive ...Tar archive done!
Time for this step: 1 s
Compression done!
Total time for compression: 1133 s

Total size:   1539379200 bytes
