nohup: ignoring input
Temporary directory: ./tmp.yDsbzayy4c/
Starting compression...
Preprocessing ...
Max Read length: 151
Total number of reads: 627489292
Total number of reads without N: 626623245
Paired id match code: 2
Preprocessing done!
Time for this step: 1680 s
Temporary directory size: 31428532169
Reordering ...
Reading file
Constructing dictionaries
Reordering reads
Reordering done, 151346861 were unmatched
Writing to file
Done!
Reordering done!
Time for this step: 9093 s
temp_dir size: 34690541833
Encoding ...
Maximum Read length: 151
Number of non-singleton reads: 493160420
Number of singleton reads: 133462825
Number of reads with N: 866047
Encoding reads
Encoding done:
52702164 singleton reads were aligned
675555 reads with N were aligned
Encoding done!
Time for this step: 3538 s
Temporary directory size: 25426517260
Reordering and compressing streams ...
Reordering and compressing streams done!
Time for this step: 528 s
Temporary directory size: 12298173318

Sizes of streams after compression: 
Reads:        6005586803 bytes
Quality:      6126173382 bytes
ID:            166413133 bytes
Creating tar archive ...Tar archive done!
Time for this step: 18 s
Compression done!
Total time for compression: 14859 s

Total size:  12309739520 bytes
