Temporary directory: ./tmp.fa37JncCHr/
Starting compression...
Preprocessing ...
Max Read length: 151
Total number of reads: 557408845
Total number of reads without N: 557405542
Preprocessing done!
Time for this step: 2820 s
Temporary directory size: 28685471567
Reordering ...
Reading file
Constructing dictionaries
Reordering reads
Reordering done, 251628502 were unmatched
Writing to file
Done!
Reordering done!
Time for this step: 4712 s
temp_dir size: 31417100308
Encoding ...
Maximum Read length: 151
Number of non-singleton reads: 326232149
Number of singleton reads: 231173393
Number of reads with N: 3303
Encoding reads
Encoding done:
53329412 singleton reads were aligned
2091 reads with N were aligned
Encoding done!
Time for this step: 3467 s
Temporary directory size: 31346069129
Reordering and compressing streams ...
Reordering and compressing streams done!
Time for this step: 582 s
Temporary directory size: 16204535305

Sizes of streams after compression: 
Reads:        9815556264 bytes
Quality:      5970637344 bytes
ID:            418341697 bytes
Creating tar archive ...Tar archive done!
Time for this step: 18 s
Compression done!
Total time for compression: 11602 s

Total size:  16219648000 bytes
