Temporary directory: ./tmp.fa37JncCHr/
Starting compression...
Preprocessing ...
Max Read length: 150
Total number of reads: 58551517
Total number of reads without N: 58454831
Preprocessing done!
Time for this step: 240 s
Temporary directory size: 2678165024
Reordering ...
Reading file
Constructing dictionaries
Reordering reads
Reordering done, 3923191 were unmatched
Writing to file
Done!
Reordering done!
Time for this step: 165 s
temp_dir size: 2978225443
Encoding ...
Maximum Read length: 150
Number of non-singleton reads: 56335445
Number of singleton reads: 2119386
Number of reads with N: 96686
Encoding reads
Encoding done:
864516 singleton reads were aligned
84433 reads with N were aligned
Encoding done!
Time for this step: 49 s
Temporary directory size: 1544687461
Reordering and compressing streams ...
Reordering and compressing streams done!
Time for this step: 20 s
Temporary directory size: 746615119

Sizes of streams after compression: 
Reads:         414474901 bytes
Quality:       332094900 bytes
ID:                45318 bytes
Creating tar archive ...Tar archive done!
Time for this step: 0 s
Compression done!
Total time for compression: 476 s

Total size:    748277760 bytes
