Temporary directory: ./tmp.fa37JncCHr/
Starting compression...
Preprocessing ...
Max Read length: 151
Total number of reads: 28874922
Total number of reads without N: 28871332
Paired id match code: 2
Preprocessing done!
Time for this step: 159 s
Temporary directory size: 1866541633
Reordering ...
Reading file
Constructing dictionaries
Reordering reads
Reordering done, 5446787 were unmatched
Writing to file
Done!
Reordering done!
Time for this step: 193 s
temp_dir size: 2014000267
Encoding ...
Maximum Read length: 151
Number of non-singleton reads: 24667557
Number of singleton reads: 4203775
Number of reads with N: 3590
Encoding reads
Encoding done:
1909953 singleton reads were aligned
2162 reads with N were aligned
Encoding done!
Time for this step: 36 s
Temporary directory size: 1501485647
Reordering and compressing streams ...
Reordering and compressing streams done!
Time for this step: 14 s
Temporary directory size: 987705044

Sizes of streams after compression: 
Reads:         276311071 bytes
Quality:       684685848 bytes
ID:             26708125 bytes
Creating tar archive ...Tar archive done!
Time for this step: 0 s
Compression done!
Total time for compression: 404 s

Total size:    988262400 bytes
