Temporary directory: ./tmp.fa37JncCHr/
Starting compression...
Preprocessing ...
Max Read length: 289
Total number of reads: 1054340
Total number of reads without N: 1050515
Preprocessing done!
Time for this step: 4 s
Temporary directory size: 37982323
Reordering ...
Reading file
Constructing dictionaries
Reordering reads
Reordering done, 1027061 were unmatched
Writing to file
Done!
Reordering done!
Time for this step: 6 s
temp_dir size: 42255498
Encoding ...
Maximum Read length: 289
Number of non-singleton reads: 43329
Number of singleton reads: 1007186
Number of reads with N: 3825
Encoding reads
Encoding done:
3850 singleton reads were aligned
6 reads with N were aligned
Encoding done!
Time for this step: 1 s
Temporary directory size: 66262310
Reordering and compressing streams ...
Reordering and compressing streams done!
Time for this step: 2 s
Temporary directory size: 33898244

Sizes of streams after compression: 
Reads:          23391069 bytes
Quality:         7297292 bytes
ID:              3209883 bytes
Creating tar archive ...Tar archive done!
Time for this step: 0 s
Compression done!
Total time for compression: 14 s

Total size:     33955840 bytes
