Temporary directory: ./tmp.fa37JncCHr/
Starting compression...
Preprocessing ...
Max Read length: 150
Total number of reads: 38413534
Total number of reads without N: 38309977
Preprocessing done!
Time for this step: 159 s
Temporary directory size: 1757725313
Reordering ...
Reading file
Constructing dictionaries
Reordering reads
Reordering done, 2587077 were unmatched
Writing to file
Done!
Reordering done!
Time for this step: 94 s
temp_dir size: 1954674277
Encoding ...
Maximum Read length: 150
Number of non-singleton reads: 36808606
Number of singleton reads: 1501371
Number of reads with N: 103557
Encoding reads
Encoding done:
567109 singleton reads were aligned
90905 reads with N were aligned
Encoding done!
Time for this step: 31 s
Temporary directory size: 1017081474
Reordering and compressing streams ...
Reordering and compressing streams done!
Time for this step: 13 s
Temporary directory size: 485734672

Sizes of streams after compression: 
Reads:         268796556 bytes
Quality:       216908282 bytes
ID:                29834 bytes
Creating tar archive ...Tar archive done!
Time for this step: 0 s
Compression done!
Total time for compression: 299 s

Total size:    486830080 bytes
