nohup: ignoring input
Temporary directory: ./tmp.fa37JncCHr/
Starting decompression...
Untarring tar archive ...
Untarring archive done!
Decompressing ...
Infile trace: ./tmp.fa37JncCHr/read_seq.bin.0.tmp.compressed.combined
Infile trace: ./tmp.fa37JncCHr/read_seq.bin.6.tmp.compressed.combined
Infile trace: ./tmp.fa37JncCHr/read_seq.bin.5.tmp.compressed.combined
Infile trace: ./tmp.fa37JncCHr/read_seq.bin.7.tmp.compressed.combined
Infile trace: ./tmp.fa37JncCHr/read_seq.bin.4.tmp.compressed.combined
Infile trace: ./tmp.fa37JncCHr/read_seq.bin.3.tmp.compressed.combined
Infile trace: ./tmp.fa37JncCHr/read_seq.bin.2.tmp.compressed.combined
Infile trace: ./tmp.fa37JncCHr/read_seq.bin.1.tmp.compressed.combined
zpaq v7.15 journaling archiver, compiled Jan  5 2021
./ERR13703692_qual.zpaq: Metadata: {'len_series': 119172}
FLAGS.seq_len change from 8 to 32 due to FLAGS.vocab_dim = 64 and FLAGS.hidden_dim = 256.
200
Metadata: {'len_series': 113847}
FLAGS.seq_len change from 8 to 32 due to FLAGS.vocab_dim = 64 and FLAGS.hidden_dim = 256.
Metadata: {'len_series': 120839}
FLAGS.seq_len change from 8 to 32 due to FLAGS.vocab_dim = 64 and FLAGS.hidden_dim = 256.
Metadata: {'len_series': 123260}
FLAGS.seq_len change from 8 to 32 due to FLAGS.vocab_dim = 64 and FLAGS.hidden_dim = 256.
Metadata: {'len_series': 128455}
FLAGS.seq_len change from 8 to 32 due to FLAGS.vocab_dim = 64 and FLAGS.hidden_dim = 256.
Metadata: {'len_series': 121369}
FLAGS.seq_len change from 8 to 32 due to FLAGS.vocab_dim = 64 and FLAGS.hidden_dim = 256.
Metadata: {'len_series': 116151}
FLAGS.seq_len change from 8 to 32 due to FLAGS.vocab_dim = 64 and FLAGS.hidden_dim = 256.
190
203
Metadata: {'len_series': 126574}
FLAGS.seq_len change from 8 to 32 due to FLAGS.vocab_dim = 64 and FLAGS.hidden_dim = 256.
208
218
204
194
215
SLiMPerformer(
  (input_map): Embedding(256, 32)
  (output_logit_map): Linear(in_features=256, out_features=256, bias=True)
  (layers): ModuleList(
    (0): SLiMPerformerLayer(
      (attention): MultiHeadAttention(
        (q_map): Linear(in_features=256, out_features=256, bias=True)
        (k_map): Linear(in_features=256, out_features=256, bias=True)
        (v_map): Linear(in_features=256, out_features=256, bias=True)
      )
      (U_map): Linear(in_features=256, out_features=4096, bias=True)
      (V_map): Linear(in_features=4096, out_features=256, bias=True)
      (layernorm1): LayerNorm((256,), eps=1e-05, elementwise_affine=True)
      (layernorm2): LayerNorm((256,), eps=1e-05, elementwise_affine=True)
    )
  )
)
SLiMPerformer(
  (input_map): Embedding(256, 32)
  (output_logit_map): Linear(in_features=256, out_features=256, bias=True)
  (layers): ModuleList(
    (0): SLiMPerformerLayer(
      (attention): MultiHeadAttention(
        (q_map): Linear(in_features=256, out_features=256, bias=True)
        (k_map): Linear(in_features=256, out_features=256, bias=True)
        (v_map): Linear(in_features=256, out_features=256, bias=True)
      )
      (U_map): Linear(in_features=256, out_features=4096, bias=True)
      (V_map): Linear(in_features=4096, out_features=256, bias=True)
      (layernorm1): LayerNorm((256,), eps=1e-05, elementwise_affine=True)
      (layernorm2): LayerNorm((256,), eps=1e-05, elementwise_affine=True)
    )
  )
)
SLiMPerformer(
  (input_map): Embedding(256, 32)
  (output_logit_map): Linear(in_features=256, out_features=256, bias=True)
  (layers): ModuleList(
    (0): SLiMPerformerLayer(
      (attention): MultiHeadAttention(
        (q_map): Linear(in_features=256, out_features=256, bias=True)
        (k_map): Linear(in_features=256, out_features=256, bias=True)
        (v_map): Linear(in_features=256, out_features=256, bias=True)
      )
      (U_map): Linear(in_features=256, out_features=4096, bias=True)
      (V_map): Linear(in_features=4096, out_features=256, bias=True)
      (layernorm1): LayerNorm((256,), eps=1e-05, elementwise_affine=True)
      (layernorm2): LayerNorm((256,), eps=1e-05, elementwise_affine=True)
    )
  )
)
SLiMPerformer(
  (input_map): Embedding(256, 32)
  (output_logit_map): Linear(in_features=256, out_features=256, bias=True)
  (layers): ModuleList(
    (0): SLiMPerformerLayer(
      (attention): MultiHeadAttention(
        (q_map): Linear(in_features=256, out_features=256, bias=True)
        (k_map): Linear(in_features=256, out_features=256, bias=True)
        (v_map): Linear(in_features=256, out_features=256, bias=True)
      )
      (U_map): Linear(in_features=256, out_features=4096, bias=True)
      (V_map): Linear(in_features=4096, out_features=256, bias=True)
      (layernorm1): LayerNorm((256,), eps=1e-05, elementwise_affine=True)
      (layernorm2): LayerNorm((256,), eps=1e-05, elementwise_affine=True)
    )
  )
)
SLiMPerformer(
  (input_map): Embedding(256, 32)
  (output_logit_map): Linear(in_features=256, out_features=256, bias=True)
  (layers): ModuleList(
    (0): SLiMPerformerLayer(
      (attention): MultiHeadAttention(
        (q_map): Linear(in_features=256, out_features=256, bias=True)
        (k_map): Linear(in_features=256, out_features=256, bias=True)
        (v_map): Linear(in_features=256, out_features=256, bias=True)
      )
      (U_map): Linear(in_features=256, out_features=4096, bias=True)
      (V_map): Linear(in_features=4096, out_features=256, bias=True)
      (layernorm1): LayerNorm((256,), eps=1e-05, elementwise_affine=True)
      (layernorm2): LayerNorm((256,), eps=1e-05, elementwise_affine=True)
    )
  )
)
SLiMPerformer(
  (input_map): Embedding(256, 32)
  (output_logit_map): Linear(in_features=256, out_features=256, bias=True)
  (layers): ModuleList(
    (0): SLiMPerformerLayer(
      (attention): MultiHeadAttention(
        (q_map): Linear(in_features=256, out_features=256, bias=True)
        (k_map): Linear(in_features=256, out_features=256, bias=True)
        (v_map): Linear(in_features=256, out_features=256, bias=True)
      )
      (U_map): Linear(in_features=256, out_features=4096, bias=True)
      (V_map): Linear(in_features=4096, out_features=256, bias=True)
      (layernorm1): LayerNorm((256,), eps=1e-05, elementwise_affine=True)
      (layernorm2): LayerNorm((256,), eps=1e-05, elementwise_affine=True)
    )
  )
)
SLiMPerformer(
  (input_map): Embedding(256, 32)
  (output_logit_map): Linear(in_features=256, out_features=256, bias=True)
  (layers): ModuleList(
    (0): SLiMPerformerLayer(
      (attention): MultiHeadAttention(
        (q_map): Linear(in_features=256, out_features=256, bias=True)
        (k_map): Linear(in_features=256, out_features=256, bias=True)
        (v_map): Linear(in_features=256, out_features=256, bias=True)
      )
      (U_map): Linear(in_features=256, out_features=4096, bias=True)
      (V_map): Linear(in_features=4096, out_features=256, bias=True)
      (layernorm1): LayerNorm((256,), eps=1e-05, elementwise_affine=True)
      (layernorm2): LayerNorm((256,), eps=1e-05, elementwise_affine=True)
    )
  )
)
SLiMPerformer(
  (input_map): Embedding(256, 32)
  (output_logit_map): Linear(in_features=256, out_features=256, bias=True)
  (layers): ModuleList(
    (0): SLiMPerformerLayer(
      (attention): MultiHeadAttention(
        (q_map): Linear(in_features=256, out_features=256, bias=True)
        (k_map): Linear(in_features=256, out_features=256, bias=True)
        (v_map): Linear(in_features=256, out_features=256, bias=True)
      )
      (U_map): Linear(in_features=256, out_features=4096, bias=True)
      (V_map): Linear(in_features=4096, out_features=256, bias=True)
      (layernorm1): LayerNorm((256,), eps=1e-05, elementwise_affine=True)
      (layernorm2): LayerNorm((256,), eps=1e-05, elementwise_affine=True)
    )
  )
)
0 : 8.316516892630595
0 : 8.276544684917061
0 : 8.206551185668916
0 : 8.330618782070742
0 : 8.337809032738015
0 : 8.274007596851535
0 : 8.246751098412192
0 : 8.27484205667352
Last decode part don't need inference.
Last decode part don't need inference.
Last decode part don't need inference.
Last decode part don't need inference.
Last decode part don't need inference.
Last decode part don't need inference.
Last decode part don't need inference.
Last decode part don't need inference.
zpaq v7.15 journaling archiver, compiled Jan  5 2021
./tmp.fa37JncCHr/read_flag.txt.3.zpaq: zpaq v7.15 journaling archiver, compiled Jan  5 2021
./tmp.fa37JncCHr/read_flag.txt.1.zpaq: zpaq v7.15 journaling archiver, compiled Jan  5 2021
./tmp.fa37JncCHr/read_flag.txt.2.zpaq: zpaq v7.15 journaling archiver, compiled Jan  5 2021
./tmp.fa37JncCHr/read_flag.txt.4.zpaq: zpaq v7.15 journaling archiver, compiled Jan  5 2021
./tmp.fa37JncCHr/read_flag.txt.0.zpaq: 1 versions, 1 files, 1 fragments, 0.002142 MB
Extracting 0.030340 MB in 1 files -threads 32
[1..1] -> 30352
> ./tmp.fa37JncCHr/./tmp.fa37JncCHr//e.4
0.100 seconds (all OK)
zpaq v7.15 journaling archiver, compiled Jan  5 2021
./tmp.fa37JncCHr/read_pos.bin.4.zpaq: 1 versions, 1 files, 1 fragments, 0.004572 MB
Extracting 0.012224 MB in 1 files -threads 32
[1..1] -> 12236
> ./tmp.fa37JncCHr/./tmp.fa37JncCHr//a.4
0.113 seconds (all OK)
zpaq v7.15 journaling archiver, compiled Jan  5 2021
./tmp.fa37JncCHr/read_noise.txt.4.zpaq: 1 versions, 1 files, 1 fragments, 0.001468 MB
Extracting 0.002386 MB in 1 files -threads 32
[1..1] -> 2398
> ./tmp.fa37JncCHr/./tmp.fa37JncCHr//b.4
0.066 seconds (all OK)
zpaq v7.15 journaling archiver, compiled Jan  5 2021
./tmp.fa37JncCHr/read_noisepos.bin.4.zpaq: 1 versions, 1 files, 1 fragments, 0.001706 MB
Extracting 0.001716 MB in 1 files -threads 32
[1..1] -> 1728
> ./tmp.fa37JncCHr/./tmp.fa37JncCHr//c.4
0.067 seconds (all OK)
zpaq v7.15 journaling archiver, compiled Jan  5 2021
./tmp.fa37JncCHr/read_unaligned.txt.4.zpaq: 1 versions, 1 files, 4 fragments, 0.009736 MB
Extracting 0.256000 MB in 1 files -threads 32
[1..4] -> 256024
> ./tmp.fa37JncCHr/./tmp.fa37JncCHr//e.3
0.441 seconds (all OK)
zpaq v7.15 journaling archiver, compiled Jan  5 2021
./tmp.fa37JncCHr/read_pos.bin.3.zpaq: 1 versions, 1 files, 3 fragments, 0.008993 MB
Extracting 0.256000 MB in 1 files -threads 32
[1..3] -> 256020
> ./tmp.fa37JncCHr/./tmp.fa37JncCHr//e.0
0.449 seconds (all OK)
1 versions, 1 files, 5 fragments, 0.009465 MB
Extracting 0.256000 MB in 1 files -threads 32
[1..5] -> 256028
> ./tmp.fa37JncCHr/./tmp.fa37JncCHr//e.1
0.450 seconds (all OK)
zpaq v7.15 journaling archiver, compiled Jan  5 2021
./tmp.fa37JncCHr/read_pos.bin.0.zpaq: zpaq v7.15 journaling archiver, compiled Jan  5 2021
./tmp.fa37JncCHr/read_pos.bin.1.zpaq: 1 versions, 1 files, 4 fragments, 0.009538 MB
Extracting 0.256000 MB in 1 files -threads 32
[1..4] -> 256024
> ./tmp.fa37JncCHr/./tmp.fa37JncCHr//e.2
0.469 seconds (all OK)
zpaq v7.15 journaling archiver, compiled Jan  5 2021
./tmp.fa37JncCHr/read_pos.bin.2.zpaq: 1 versions, 1 files, 2 fragments, 0.026198 MB
Extracting 0.085080 MB in 1 files -threads 32
[1..2] -> 85096
> ./tmp.fa37JncCHr/./tmp.fa37JncCHr//a.0
0.229 seconds (all OK)
zpaq v7.15 journaling archiver, compiled Jan  5 2021
./tmp.fa37JncCHr/read_noise.txt.0.zpaq: 1 versions, 1 files, 1 fragments, 0.027488 MB
Extracting 0.094808 MB in 1 files -threads 32
[1..1] -> 94820
> ./tmp.fa37JncCHr/./tmp.fa37JncCHr//a.3
0.253 seconds (all OK)
zpaq v7.15 journaling archiver, compiled Jan  5 2021
./tmp.fa37JncCHr/read_noise.txt.3.zpaq: 1 versions, 1 files, 4 fragments, 0.027508 MB
Extracting 0.094256 MB in 1 files -threads 32
[1..4] -> 94280
> ./tmp.fa37JncCHr/./tmp.fa37JncCHr//a.2
0.240 seconds (all OK)
zpaq v7.15 journaling archiver, compiled Jan  5 2021
./tmp.fa37JncCHr/read_noise.txt.2.zpaq: 1 versions, 1 files, 2 fragments, 0.027476 MB
Extracting 0.091328 MB in 1 files -threads 32
[1..2] -> 91344
> ./tmp.fa37JncCHr/./tmp.fa37JncCHr//a.1
0.268 seconds (all OK)
zpaq v7.15 journaling archiver, compiled Jan  5 2021
./tmp.fa37JncCHr/read_noise.txt.1.zpaq: 1 versions, 1 files, 1 fragments, 0.004427 MB
Extracting 0.019445 MB in 1 files -threads 32
[1..1] -> 19457
> ./tmp.fa37JncCHr/./tmp.fa37JncCHr//b.3
0.093 seconds (all OK)
1 versions, 1 files, 1 fragments, 0.004140 MB
Extracting 0.017879 MB in 1 files -threads 32
[1..1] -> 17891
> ./tmp.fa37JncCHr/./tmp.fa37JncCHr//b.0
0.111 seconds (all OK)
zpaq v7.15 journaling archiver, compiled Jan  5 2021
./tmp.fa37JncCHr/read_noisepos.bin.3.zpaq: zpaq v7.15 journaling archiver, compiled Jan  5 2021
./tmp.fa37JncCHr/read_noisepos.bin.0.zpaq: 1 versions, 1 files, 2 fragments, 0.004765 MB
Extracting 0.020985 MB in 1 files -threads 32
[1..2] -> 21001
> ./tmp.fa37JncCHr/./tmp.fa37JncCHr//b.2
0.099 seconds (all OK)
zpaq v7.15 journaling archiver, compiled Jan  5 2021
./tmp.fa37JncCHr/read_noisepos.bin.2.zpaq: 1 versions, 1 files, 1 fragments, 0.004424 MB
Extracting 0.019171 MB in 1 files -threads 32
[1..1] -> 19183
> ./tmp.fa37JncCHr/./tmp.fa37JncCHr//b.1
0.107 seconds (all OK)
zpaq v7.15 journaling archiver, compiled Jan  5 2021
./tmp.fa37JncCHr/read_noisepos.bin.1.zpaq: 1 versions, 1 files, 1 fragments, 0.006215 MB
Extracting 0.015188 MB in 1 files -threads 32
[1..1] -> 15200
> ./tmp.fa37JncCHr/./tmp.fa37JncCHr//c.3
0.097 seconds (all OK)
zpaq v7.15 journaling archiver, compiled Jan  5 2021
./tmp.fa37JncCHr/read_unaligned.txt.3.zpaq: 1 versions, 1 files, 1 fragments, 0.005760 MB
Extracting 0.014488 MB in 1 files -threads 32
[1..1] -> 14500
> ./tmp.fa37JncCHr/./tmp.fa37JncCHr//c.0
0.111 seconds (all OK)
zpaq v7.15 journaling archiver, compiled Jan  5 2021
./tmp.fa37JncCHr/read_unaligned.txt.0.zpaq: 1 versions, 1 files, 1 fragments, 0.006855 MB
Extracting 0.018406 MB in 1 files -threads 32
[1..1] -> 18418
> ./tmp.fa37JncCHr/./tmp.fa37JncCHr//c.2
0.102 seconds (all OK)
zpaq v7.15 journaling archiver, compiled Jan  5 2021
./tmp.fa37JncCHr/read_unaligned.txt.2.zpaq: 1 versions, 1 files, 1 fragments, 0.006094 MB
Extracting 0.015510 MB in 1 files -threads 32
[1..1] -> 15522
> ./tmp.fa37JncCHr/./tmp.fa37JncCHr//c.1
0.110 seconds (all OK)
zpaq v7.15 journaling archiver, compiled Jan  5 2021
./tmp.fa37JncCHr/read_unaligned.txt.1.zpaq: 1 versions, 1 files, 46 fragments, 0.608095 MB
Extracting 2.648354 MB in 1 files -threads 32
[1..46] -> 2648546
> ./tmp.fa37JncCHr/./tmp.fa37JncCHr//f.4
7.779 seconds (all OK)
zpaq v7.15 journaling archiver, compiled Jan  5 2021
./tmp.fa37JncCHr/read_lengths.bin.4.zpaq: 1 versions, 1 files, 1 fragments, 0.027524 MB
Extracting 0.060680 MB in 1 files -threads 32
[1..1] -> 60692
> ./tmp.fa37JncCHr/./tmp.fa37JncCHr//g.4
0.349 seconds (all OK)
zpaq v7.15 journaling archiver, compiled Jan  5 2021
./tmp.fa37JncCHr/read_rev.txt.4.zpaq: 1 versions, 1 files, 1 fragments, 0.001084 MB
Extracting 0.001528 MB in 1 files -threads 32
[1..1] -> 1540
> ./tmp.fa37JncCHr/./tmp.fa37JncCHr//d.4
0.111 seconds (all OK)
1 versions, 1 files, 429 fragments, 7.154967 MB
Extracting 27.983620 MB in 1 files -threads 32
[1..429] -> 27983872
> ERR13703692_qual_rle
87.481 seconds (all OK)
명령 실행 완료: zpaq x ./ERR13703692_qual.zpaq
Total bytes read: 27983620
Total bytes written: 99104549
1 versions, 1 files, 293 fragments, 4.873749 MB
Extracting 21.905596 MB in 1 files -threads 32
[1..293] -> 21906776
> ./tmp.fa37JncCHr/./tmp.fa37JncCHr//f.0
82.733 seconds (all OK)
zpaq v7.15 journaling archiver, compiled Jan  5 2021
./tmp.fa37JncCHr/read_lengths.bin.0.zpaq: 1 versions, 1 files, 297 fragments, 5.060199 MB
Extracting 22.406085 MB in 1 files -threads 32
[1..297] -> 22407281
> ./tmp.fa37JncCHr/./tmp.fa37JncCHr//f.2
83.675 seconds (all OK)
zpaq v7.15 journaling archiver, compiled Jan  5 2021
./tmp.fa37JncCHr/read_lengths.bin.2.zpaq: 1 versions, 1 files, 11 fragments, 0.220326 MB
Extracting 0.512000 MB in 1 files -threads 32
[1..11] -> 512052
> ./tmp.fa37JncCHr/./tmp.fa37JncCHr//g.0
2.279 seconds (all OK)
zpaq v7.15 journaling archiver, compiled Jan  5 2021
./tmp.fa37JncCHr/read_rev.txt.0.zpaq: 1 versions, 1 files, 1 fragments, 0.001995 MB
Extracting 0.010635 MB in 1 files -threads 32
[1..1] -> 10647
> ./tmp.fa37JncCHr/./tmp.fa37JncCHr//d.0
0.156 seconds (all OK)
1 versions, 1 files, 3 fragments, 0.219948 MB
Extracting 0.512000 MB in 1 files -threads 32
[1..3] -> 512020
> ./tmp.fa37JncCHr/./tmp.fa37JncCHr//g.2
2.241 seconds (all OK)
zpaq v7.15 journaling archiver, compiled Jan  5 2021
./tmp.fa37JncCHr/read_rev.txt.2.zpaq: 1 versions, 1 files, 300 fragments, 4.857965 MB
Extracting 21.876983 MB in 1 files -threads 32
[1..300] -> 21878191
> ./tmp.fa37JncCHr/./tmp.fa37JncCHr//f.1
86.047 seconds (all OK)
zpaq v7.15 journaling archiver, compiled Jan  5 2021
./tmp.fa37JncCHr/read_lengths.bin.1.zpaq: 1 versions, 1 files, 1 fragments, 0.001876 MB
Extracting 0.011782 MB in 1 files -threads 32
[1..1] -> 11794
> ./tmp.fa37JncCHr/./tmp.fa37JncCHr//d.2
0.168 seconds (all OK)
1 versions, 1 files, 281 fragments, 5.089106 MB
Extracting 22.518894 MB in 1 files -threads 32
[1..281] -> 22520026
> ./tmp.fa37JncCHr/./tmp.fa37JncCHr//f.3
87.674 seconds (all OK)
zpaq v7.15 journaling archiver, compiled Jan  5 2021
./tmp.fa37JncCHr/read_lengths.bin.3.zpaq: 1 versions, 1 files, 5 fragments, 0.220869 MB
Extracting 0.512000 MB in 1 files -threads 32
[1..5] -> 512028
> ./tmp.fa37JncCHr/./tmp.fa37JncCHr//g.1
1.930 seconds (all OK)
zpaq v7.15 journaling archiver, compiled Jan  5 2021
./tmp.fa37JncCHr/read_rev.txt.1.zpaq: 1 versions, 1 files, 1 fragments, 0.001890 MB
Extracting 0.011416 MB in 1 files -threads 32
[1..1] -> 11428
> ./tmp.fa37JncCHr/./tmp.fa37JncCHr//d.1
0.148 seconds (all OK)
1 versions, 1 files, 7 fragments, 0.221337 MB
Extracting 0.512000 MB in 1 files -threads 32
[1..7] -> 512036
> ./tmp.fa37JncCHr/./tmp.fa37JncCHr//g.3
2.100 seconds (all OK)
zpaq v7.15 journaling archiver, compiled Jan  5 2021
./tmp.fa37JncCHr/read_rev.txt.3.zpaq: 1 versions, 1 files, 1 fragments, 0.001612 MB
Extracting 0.011851 MB in 1 files -threads 32
[1..1] -> 11863
> ./tmp.fa37JncCHr/./tmp.fa37JncCHr//d.3
0.166 seconds (all OK)
Decompression done!
Total time for decompression: 110 s
FASTQ 파일 생성 완료
Operation completed: ERR13703692_deep.fastq
Elapsed time: 113 seconds
