Temporary directory: ./tmp.fa37JncCHr/
Starting compression...
Preprocessing ...
Max Read length: 150
Total number of reads: 50880406
Total number of reads without N: 50538928
Preprocessing done!
Time for this step: 224 s
Temporary directory size: 2770173933
Reordering ...
Reading file
Constructing dictionaries
Reordering reads
Reordering done, 47087125 were unmatched
Writing to file
Done!
Reordering done!
Time for this step: 133 s
temp_dir size: 2978388477
Encoding ...
Maximum Read length: 150
Number of non-singleton reads: 4936333
Number of singleton reads: 45602595
Number of reads with N: 341478
Encoding reads
Encoding done:
4800363 singleton reads were aligned
46087 reads with N were aligned
Encoding done!
Time for this step: 78 s
Temporary directory size: 4569843217
Reordering and compressing streams ...
Reordering and compressing streams done!
Time for this step: 102 s
Temporary directory size: 2286347011

Sizes of streams after compression: 
Reads:        1565389916 bytes
Quality:       720917716 bytes
ID:                39379 bytes
Creating tar archive ...Tar archive done!
Time for this step: 2 s
Compression done!
Total time for compression: 542 s

Total size:   2287769600 bytes
