Temporary directory: ./tmp.fa37JncCHr/
Starting compression...
Preprocessing ...
Max Read length: 241
Total number of reads: 39964887
Total number of reads without N: 39884700
Preprocessing done!
Time for this step: 158 s
Temporary directory size: 1447100244
Reordering ...
Reading file
Constructing dictionaries
Reordering reads
Reordering done, 34307336 were unmatched
Writing to file
Done!
Reordering done!
Time for this step: 100 s
temp_dir size: 1625679127
Encoding ...
Maximum Read length: 241
Number of non-singleton reads: 6909211
Number of singleton reads: 32975489
Number of reads with N: 80187
Encoding reads
Encoding done:
6533485 singleton reads were aligned
2807 reads with N were aligned
Encoding done!
Time for this step: 54 s
Temporary directory size: 2130716463
Reordering and compressing streams ...
Reordering and compressing streams done!
Time for this step: 47 s
Temporary directory size: 1127848425

Sizes of streams after compression: 
Reads:         783393639 bytes
Quality:       209067862 bytes
ID:            135386924 bytes
Creating tar archive ...Tar archive done!
Time for this step: 1 s
Compression done!
Total time for compression: 361 s

Total size:   1128970240 bytes
