Temporary directory: ./tmp.fa37JncCHr/
Starting compression...
Preprocessing ...
Max Read length: 189
Total number of reads: 108864364
Total number of reads without N: 108741672
Preprocessing done!
Time for this step: 418 s
Temporary directory size: 4235245249
Reordering ...
Reading file
Constructing dictionaries
Reordering reads
Reordering done, 69433251 were unmatched
Writing to file
Done!
Reordering done!
Time for this step: 138 s
temp_dir size: 4765864911
Encoding ...
Maximum Read length: 189
Number of non-singleton reads: 40860164
Number of singleton reads: 67881508
Number of reads with N: 122692
Encoding reads
Encoding done:
35406575 singleton reads were aligned
77981 reads with N were aligned
Encoding done!
Time for this step: 100 s
Temporary directory size: 4556428249
Reordering and compressing streams ...
Reordering and compressing streams done!
Time for this step: 68 s
Temporary directory size: 2677955978

Sizes of streams after compression: 
Reads:        1201382369 bytes
Quality:      1142725316 bytes
ID:            333848293 bytes
Creating tar archive ...Tar archive done!
Time for this step: 2 s
Compression done!
Total time for compression: 729 s

Total size:   2680934400 bytes
