Temporary directory: ./tmp.fa37JncCHr/
Starting compression...
Preprocessing ...
Max Read length: 151
Total number of reads: 483186833
Total number of reads without N: 483186833
Preprocessing done!
Time for this step: 2887 s
Temporary directory size: 24822428587
Reordering ...
Reading file
Constructing dictionaries
Reordering reads
Reordering done, 160959257 were unmatched
Writing to file
Done!
Reordering done!
Time for this step: 3445 s
temp_dir size: 27276004800
Encoding ...
Maximum Read length: 151
Number of non-singleton reads: 334419454
Number of singleton reads: 148767379
Number of reads with N: 0
Encoding reads
Encoding done:
40253952 singleton reads were aligned
0 reads with N were aligned
Encoding done!
Time for this step: 2738 s
Temporary directory size: 23865612455
Reordering and compressing streams ...
Reordering and compressing streams done!
Time for this step: 414 s
Temporary directory size: 12496666873

Sizes of streams after compression: 
Reads:        7001711606 bytes
Quality:      5098103504 bytes
ID:            396851763 bytes
Creating tar archive ...Tar archive done!
Time for this step: 17 s
Compression done!
Total time for compression: 9504 s

Total size:  12510003200 bytes
