nohup: ignoring input
Temporary directory: ./tmp.BWDxS22Jjz/
Starting compression...
Preprocessing ...
Max Read length: 289
Total number of reads: 149565989
Total number of reads without N: 149455088
Preprocessing done!
Time for this step: 2920 s
Temporary directory size: 4576453068
Reordering ...
Reading file
Constructing dictionaries
Reordering reads
Reordering done, 141091801 were unmatched
Writing to file
Done!
Reordering done!
Time for this step: 171 s
temp_dir size: 5200644306
Encoding ...
Maximum Read length: 289
Number of non-singleton reads: 9335557
Number of singleton reads: 140119531
Number of reads with N: 110901
Encoding reads
Encoding done:
39857754 singleton reads were aligned
35760 reads with N were aligned
Encoding done!
Time for this step: 270 s
Temporary directory size: 7046406228
Reordering and compressing streams ...
Reordering and compressing streams done!
Time for this step: 217 s
Temporary directory size: 3394552773

Sizes of streams after compression: 
Reads:        2511992113 bytes
Quality:       647791906 bytes
ID:            234768754 bytes
Creating tar archive ...Tar archive done!
Time for this step: 3 s
Compression done!
Total time for compression: 3585 s

Total size:   3398533120 bytes
