Temporary directory: ./tmp.fa37JncCHr/
Starting compression...
Preprocessing ...
Max Read length: 151
Total number of reads: 427189047
Total number of reads without N: 427189046
Preprocessing done!
Time for this step: 5630 s
Temporary directory size: 21627124203
Reordering ...
Reading file
Constructing dictionaries
Reordering reads
Reordering done, 150201148 were unmatched
Writing to file
Done!
Reordering done!
Time for this step: 3427 s
temp_dir size: 23798308574
Encoding ...
Maximum Read length: 151
Number of non-singleton reads: 290792053
Number of singleton reads: 136396993
Number of reads with N: 1
Encoding reads
Encoding done:
32934263 singleton reads were aligned
1 reads with N were aligned
Encoding done!
Time for this step: 2688 s
Temporary directory size: 21388867403
Reordering and compressing streams ...
Reordering and compressing streams done!
Time for this step: 381 s
Temporary directory size: 11101862541

Sizes of streams after compression: 
Reads:        6562300260 bytes
Quality:      4159759328 bytes
ID:            379802953 bytes
Creating tar archive ...Tar archive done!
Time for this step: 14 s
Compression done!
Total time for compression: 12143 s

Total size:  11113584640 bytes
