Temporary directory: ./tmp.fa37JncCHr/
Starting compression...
Preprocessing ...
Max Read length: 151
Total number of reads: 519463758
Total number of reads without N: 518221910
Preprocessing done!
Time for this step: 2738 s
Temporary directory size: 25188729759
Reordering ...
Reading file
Constructing dictionaries
Reordering reads
Reordering done, 213281958 were unmatched
Writing to file
Done!
Reordering done!
Time for this step: 4195 s
temp_dir size: 27768683057
Encoding ...
Maximum Read length: 151
Number of non-singleton reads: 321956173
Number of singleton reads: 196265737
Number of reads with N: 1241848
Encoding reads
Encoding done:
38913792 singleton reads were aligned
774817 reads with N were aligned
Encoding done!
Time for this step: 3434 s
Temporary directory size: 26830455742
Reordering and compressing streams ...
Reordering and compressing streams done!
Time for this step: 520 s
Temporary directory size: 13118395255

Sizes of streams after compression: 
Reads:        8760373432 bytes
Quality:      3951201352 bytes
ID:            406820471 bytes
Creating tar archive ...Tar archive done!
Time for this step: 15 s
Compression done!
Total time for compression: 10903 s

Total size:  13132533760 bytes
