Temporary directory: ./tmp.fa37JncCHr/
Starting compression...
Preprocessing ...
Max Read length: 150
Total number of reads: 49961948
Total number of reads without N: 49923236
Paired id match code: 0
Preprocessing done!
Time for this step: 79 s
Temporary directory size: 2459290813
Reordering ...
Reading file
Constructing dictionaries
Reordering reads
Reordering done, 1606064 were unmatched
Writing to file
Done!
Reordering done!
Time for this step: 78 s
temp_dir size: 2707970892
Encoding ...
Maximum Read length: 150
Number of non-singleton reads: 48750312
Number of singleton reads: 1172924
Number of reads with N: 38712
Encoding reads
Encoding done:
757611 singleton reads were aligned
36962 reads with N were aligned
Encoding done!
Time for this step: 24 s
Temporary directory size: 1372473239
Reordering and compressing streams ...
Reordering and compressing streams done!
Time for this step: 17 s
Temporary directory size: 707108249

Sizes of streams after compression: 
Reads:         242146304 bytes
Quality:       357358666 bytes
ID:            107603279 bytes
Creating tar archive ...Tar archive done!
Time for this step: 0 s
Compression done!
Total time for compression: 201 s

Total size:    708106240 bytes
