Temporary directory: ./tmp.fa37JncCHr/
Starting compression...
Preprocessing ...
Max Read length: 101
Total number of reads: 152444956
Total number of reads without N: 152005764
Paired id match code: 2
Preprocessing done!
Time for this step: 233 s
Temporary directory size: 7380483547
Reordering ...
Reading file
Constructing dictionaries
Reordering reads
Reordering done, 18464441 were unmatched
Writing to file
Done!
Reordering done!
Time for this step: 211 s
temp_dir size: 8118175285
Encoding ...
Maximum Read length: 101
Number of non-singleton reads: 135767335
Number of singleton reads: 16238429
Number of reads with N: 439192
Encoding reads
Encoding done:
2964764 singleton reads were aligned
313389 reads with N were aligned
Encoding done!
Time for this step: 100 s
Temporary directory size: 6368901117
Reordering and compressing streams ...
Reordering and compressing streams done!
Time for this step: 61 s
Temporary directory size: 3956084604

Sizes of streams after compression: 
Reads:         856796393 bytes
Quality:      2932806772 bytes
ID:            166481439 bytes
Creating tar archive ...Tar archive done!
Time for this step: 3 s
Compression done!
Total time for compression: 609 s

Total size:   3958927360 bytes
