Temporary directory: ./tmp.fa37JncCHr/
Starting compression...
Preprocessing ...
Max Read length: 239
Total number of reads: 102835154
Total number of reads without N: 101752260
Preprocessing done!
Time for this step: 419 s
Temporary directory size: 4253064833
Reordering ...
Reading file
Constructing dictionaries
Reordering reads
Reordering done, 72080024 were unmatched
Writing to file
Done!
Reordering done!
Time for this step: 186 s
temp_dir size: 4736755733
Encoding ...
Maximum Read length: 239
Number of non-singleton reads: 31032907
Number of singleton reads: 70719353
Number of reads with N: 1082894
Encoding reads
Encoding done:
38892883 singleton reads were aligned
53058 reads with N were aligned
Encoding done!
Time for this step: 110 s
Temporary directory size: 4558244113
Reordering and compressing streams ...
Reordering and compressing streams done!
Time for this step: 73 s
Temporary directory size: 2533810402

Sizes of streams after compression: 
Reads:        1240385321 bytes
Quality:       972267006 bytes
ID:            321158075 bytes
Creating tar archive ...Tar archive done!
Time for this step: 2 s
Compression done!
Total time for compression: 792 s

Total size:   2536591360 bytes
