Temporary directory: ./tmp.fa37JncCHr/
Starting compression...
Preprocessing ...
Max Read length: 237
Total number of reads: 226874004
Total number of reads without N: 226845859
Preprocessing done!
Time for this step: 740 s
Temporary directory size: 6514846480
Reordering ...
Reading file
Constructing dictionaries
Reordering reads
Reordering done, 201633540 were unmatched
Writing to file
Done!
Reordering done!
Time for this step: 192 s
temp_dir size: 7492880221
Encoding ...
Maximum Read length: 237
Number of non-singleton reads: 26360607
Number of singleton reads: 200485252
Number of reads with N: 28145
Encoding reads
Encoding done:
107911261 singleton reads were aligned
9646 reads with N were aligned
Encoding done!
Time for this step: 234 s
Temporary directory size: 8034319981
Reordering and compressing streams ...
Reordering and compressing streams done!
Time for this step: 145 s
Temporary directory size: 4106915245

Sizes of streams after compression: 
Reads:        2430170418 bytes
Quality:      1013051314 bytes
ID:            663693513 bytes
Creating tar archive ...Tar archive done!
Time for this step: 3 s
Compression done!
Total time for compression: 1317 s

Total size:   4113018880 bytes
