Temporary directory: ./tmp.fa37JncCHr/
Starting compression...
Preprocessing ...
Max Read length: 101
Total number of reads: 128559822
Total number of reads without N: 128327837
Paired id match code: 2
Preprocessing done!
Time for this step: 205 s
Temporary directory size: 6250871754
Reordering ...
Reading file
Constructing dictionaries
Reordering reads
Reordering done, 16120053 were unmatched
Writing to file
Done!
Reordering done!
Time for this step: 177 s
temp_dir size: 6876683762
Encoding ...
Maximum Read length: 101
Number of non-singleton reads: 114066811
Number of singleton reads: 14261026
Number of reads with N: 231985
Encoding reads
Encoding done:
2361090 singleton reads were aligned
194654 reads with N were aligned
Encoding done!
Time for this step: 87 s
Temporary directory size: 5429159773
Reordering and compressing streams ...
Reordering and compressing streams done!
Time for this step: 52 s
Temporary directory size: 3382680723

Sizes of streams after compression: 
Reads:         738211550 bytes
Quality:      2501030462 bytes
ID:            143438711 bytes
Creating tar archive ...Tar archive done!
Time for this step: 3 s
Compression done!
Total time for compression: 525 s

Total size:   3385057280 bytes
