Temporary directory: ./tmp.fa37JncCHr/
Starting compression...
Preprocessing ...
Max Read length: 189
Total number of reads: 96375522
Total number of reads without N: 96264015
Preprocessing done!
Time for this step: 366 s
Temporary directory size: 3795709469
Reordering ...
Reading file
Constructing dictionaries
Reordering reads
Reordering done, 59366251 were unmatched
Writing to file
Done!
Reordering done!
Time for this step: 139 s
temp_dir size: 4269312566
Encoding ...
Maximum Read length: 189
Number of non-singleton reads: 38606367
Number of singleton reads: 57657648
Number of reads with N: 111507
Encoding reads
Encoding done:
30116159 singleton reads were aligned
71158 reads with N were aligned
Encoding done!
Time for this step: 88 s
Temporary directory size: 4023049413
Reordering and compressing streams ...
Reordering and compressing streams done!
Time for this step: 58 s
Temporary directory size: 2390661371

Sizes of streams after compression: 
Reads:        1047920881 bytes
Quality:      1045122426 bytes
ID:            297618064 bytes
Creating tar archive ...Tar archive done!
Time for this step: 2 s
Compression done!
Total time for compression: 655 s

Total size:   2393292800 bytes
