Temporary directory: ./tmp.fa37JncCHr/
Starting compression...
Preprocessing ...
Max Read length: 150
Total number of reads: 39305634
Total number of reads without N: 39175044
Preprocessing done!
Time for this step: 165 s
Temporary directory size: 1799101039
Reordering ...
Reading file
Constructing dictionaries
Reordering reads
Reordering done, 2044011 were unmatched
Writing to file
Done!
Reordering done!
Time for this step: 102 s
temp_dir size: 2004135815
Encoding ...
Maximum Read length: 150
Number of non-singleton reads: 38032560
Number of singleton reads: 1142484
Number of reads with N: 130590
Encoding reads
Encoding done:
502235 singleton reads were aligned
117124 reads with N were aligned
Encoding done!
Time for this step: 34 s
Temporary directory size: 1004054994
Reordering and compressing streams ...
Reordering and compressing streams done!
Time for this step: 15 s
Temporary directory size: 480357931

Sizes of streams after compression: 
Reads:         258836442 bytes
Quality:       221491028 bytes
ID:                30461 bytes
Creating tar archive ...Tar archive done!
Time for this step: 0 s
Compression done!
Total time for compression: 317 s

Total size:    481474560 bytes
